<?xml version="1.0" encoding="UTF-8"?>
<!-- Generated by org.testng.reporters.JUnitReportReporter -->
<testsuite hostname="DESKTOP-SVDA99I" failures="0" tests="2" name="cucumberOptions.TestRunner" time="10.674" errors="0" timestamp="2022-06-02T16:43:24 IST" skipped="0">
  <testcase classname="cucumberOptions.TestRunner" name="runScenario" time="3.735"/>
  <system-out/>
  <testcase classname="cucumberOptions.TestRunner" name="runScenario" time="6.939"/>
  <system-out/>
</testsuite> <!-- cucumberOptions.TestRunner -->
