<?xml version="1.0" encoding="UTF-8"?>
<!-- Generated by org.testng.reporters.JUnitReportReporter -->
<testsuite hostname="DESKTOP-SVDA99I" failures="0" tests="2" name="Learning.HomepageTest" time="1.867" errors="0" timestamp="2022-05-30T17:31:54 IST" skipped="0">
  <testcase classname="Learning.HomepageTest" name="basePageNavigation" time="1.461"/>
  <system-out/>
  <testcase classname="Learning.HomepageTest" name="basePageNavigation" time="0.406"/>
  <system-out/>
</testsuite> <!-- Learning.HomepageTest -->
