<?xml version="1.0" encoding="UTF-8"?>
<!-- Generated by org.testng.reporters.JUnitReportReporter -->
<testsuite hostname="DESKTOP-SVDA99I" failures="0" tests="3" name="Learning.HomepageTest" time="7.608" errors="0" timestamp="2022-05-30T21:39:32 IST" skipped="0">
  <testcase classname="Learning.HomepageTest" name="secondTest" time="0.219"/>
  <system-out/>
  <testcase classname="Learning.HomepageTest" name="basePageNavigation" time="4.060"/>
  <system-out/>
  <testcase classname="Learning.HomepageTest" name="basePageNavigation" time="3.329"/>
  <system-out/>
</testsuite> <!-- Learning.HomepageTest -->
