<?xml version="1.0" encoding="UTF-8"?>
<!-- Generated by org.testng.reporters.JUnitReportReporter -->
<testsuite hostname="DESKTOP-SVDA99I" failures="0" tests="2" name="cucumberOptions.TestRunner" time="6.386" errors="0" timestamp="2022-06-02T16:51:17 IST" skipped="0">
  <testcase classname="cucumberOptions.TestRunner" name="runScenario" time="2.679"/>
  <system-out/>
  <testcase classname="cucumberOptions.TestRunner" name="runScenario" time="3.707"/>
  <system-out/>
</testsuite> <!-- cucumberOptions.TestRunner -->
