<?xml version="1.0" encoding="UTF-8"?>
<!-- Generated by org.testng.reporters.JUnitReportReporter -->
<testsuite hostname="DESKTOP-SVDA99I" failures="0" tests="1" name="Learning.CartpageTest" time="0.402" errors="0" timestamp="2022-05-30T21:39:32 IST" skipped="0">
  <testcase classname="Learning.CartpageTest" name="cartPageElements" time="0.402"/>
  <system-out/>
</testsuite> <!-- Learning.CartpageTest -->
